<?xml version="1.0" encoding="utf-8"?><testsuites name="pytest tests"><testsuite name="pytest" errors="0" failures="0" skipped="0" tests="89" time="13.564" timestamp="2026-08-21T09:14:22.968568+00:00" hostname="agent-env-f7fcb319-8819-4d14-937d-1babd24ec2b0"><testcase classname="tests.test_phase2_fixes.TestPhase2Fixes" name="test_00_setup" time="1.693" /><testcase classname="tests.backend_test.TestAcademyFlow" name="test_00_setup_class" time="1.824" /><testcase classname="tests.test_phase2_fixes.TestPhase2Fixes" name="test_01_teacher_lists_own_students" time="0.056" /><testcase classname="tests.test_phase2_fixes.TestPhase2Fixes" name="test_02_teacher_students_scoped_to_own_classes" time="0.392" /><testcase classname="tests.backend_test.TestAcademyFlow" name="test_01_class_visibility_per_role" time="0.327" /><testcase classname="tests.test_phase2_fixes.TestPhase2Fixes" name="test_03_manager_sees_all_students" time="0.059" /><testcase classname="tests.backend_test.TestAcademyFlow" name="test_02_class_guards" time="0.185" /><testcase classname="tests.test_phase2_fixes.TestPhase2Fixes" name="test_04_teacher_cannot_list_teachers" time="0.054" /><testcase classname="tests.test_phase2_fixes.TestPhase2Fixes" name="test_05_student_cannot_list_users" time="0.193" /><testcase classname="tests.backend_test.TestAcademyFlow" name="test_03_class_patch" time="0.108" /><testcase classname="tests.backend_test.TestAcademyFlow" name="test_04_attendance" time="0.378" /><testcase classname="tests.test_phase2_fixes.TestPhase2Fixes" name="test_06_teacher_no_role_param_returns_only_students" time="0.054" /><testcase classname="tests.test_phase2_fixes.TestPhase2Fixes" name="test_07_auth_me_fields[manager]" time="0.097" /><testcase classname="tests.test_phase2_fixes.TestPhase2Fixes" name="test_07_auth_me_fields[teacher]" time="0.095" /><testcase classname="tests.test_phase2_fixes.TestPhase2Fixes" name="test_07_auth_me_fields[student]" time="0.119" /><testcase classname="tests.test_phase2_fixes.TestPhase2Fixes" name="test_08_auth_me_reflects_course_assignment" time="0.565" /><testcase classname="tests.backend_test.TestAcademyFlow" name="test_05_lessons" time="0.231" /><testcase classname="tests.backend_test.TestAcademyFlow" name="test_06_homework" time="0.593" /><testcase classname="tests.test_phase2_fixes.TestPhase2Fixes" name="test_09_attendance_empty_entries_400" time="0.054" /><testcase classname="tests.test_phase2_fixes.TestPhase2Fixes" name="test_10_attendance_malformed_entry_422[entry0]" time="0.054" /><testcase classname="tests.test_phase2_fixes.TestPhase2Fixes" name="test_10_attendance_malformed_entry_422[entry1]" time="0.095" /><testcase classname="tests.test_phase2_fixes.TestPhase2Fixes" name="test_10_attendance_malformed_entry_422[entry2]" time="0.094" /><testcase classname="tests.backend_test.TestAcademyFlow" name="test_07_exams" time="0.476" /><testcase classname="tests.test_phase2_fixes.TestPhase2Fixes" name="test_10_attendance_malformed_entry_422[notadict]" time="0.054" /><testcase classname="tests.test_phase2_fixes.TestPhase2Fixes" name="test_11_attendance_invalid_status_422" time="0.055" /><testcase classname="tests.test_phase2_fixes.TestPhase2Fixes" name="test_12_attendance_happy_path_and_student_view" time="0.127" /><testcase classname="tests.test_phase2_fixes.TestPhase2Fixes" name="test_13_delete_unknown_class_404" time="0.057" /><testcase classname="tests.test_phase2_fixes.TestPhase2Fixes" name="test_14_archived_class_hidden_for_all_roles" time="0.375" /><testcase classname="tests.backend_test.TestAcademyFlow" name="test_08_teacher_message_needs_approval" time="0.391" /><testcase classname="tests.test_phase2_fixes.TestPhase2Fixes" name="test_15_teacher_cannot_mark_attendance_on_archived_class" time="0.056" /><testcase classname="tests.test_phase2_fixes.TestPhase2Fixes" name="test_16_archived_class_content_leaks_to_student" time="0.936" /><testcase classname="tests.backend_test.TestAcademyFlow" name="test_09_teacher_message_reject_and_foreign_class" time="0.235" /><testcase classname="tests.backend_test.TestAcademyFlow" name="test_10_manager_message_sent_directly" time="0.108" /><testcase classname="tests.backend_test.TestAcademyFlow" name="test_11_message_guards" time="0.304" /><testcase classname="tests.backend_test.TestAcademyFlow" name="test_12_student_msg_isolation" time="0.108" /><testcase classname="tests.backend_test.TestAcademyFlow" name="test_99_cleanup" time="0.106" /><testcase classname="tests.test_phase2_fixes.TestPhase2Fixes" name="test_99_cleanup" time="0.124" /><testcase classname="tests.backend_test.TestRegistrations" name="test_public_registration_no_auth" time="0.101" /><testcase classname="tests.backend_test.TestRegistrations" name="test_registration_validation[payload0]" time="0.105" /><testcase classname="tests.backend_test.TestRegistrations" name="test_registration_validation[payload1]" time="0.100" /><testcase classname="tests.backend_test.TestRegistrations" name="test_registration_validation[payload2]" time="0.057" /><testcase classname="tests.test_phase3.TestConflicts" name="test_room_conflict" time="0.401" /><testcase classname="tests.backend_test.TestRegistrations" name="test_registrations_list_guarded" time="0.113" /><testcase classname="tests.backend_test.TestRegistrations" name="test_approve_creates_student" time="1.084" /><testcase classname="tests.test_phase3.TestConflicts" name="test_teacher_conflict" time="0.179" /><testcase classname="tests.test_phase3.TestConflicts" name="test_force_bypasses" time="0.368" /><testcase classname="tests.test_phase3.TestConflicts" name="test_no_conflict_different_day" time="0.167" /><testcase classname="tests.test_phase3.TestConflicts" name="test_no_conflict_different_time" time="0.305" /><testcase classname="tests.test_phase3.TestConflicts" name="test_no_conflict_non_overlapping_dates" time="0.123" /><testcase classname="tests.backend_test.TestRegistrations" name="test_reject_registration" time="0.205" /><testcase classname="tests.test_phase3.TestConflicts" name="test_archived_class_excluded" time="0.197" /><testcase classname="tests.backend_test.TestRegistrations" name="test_approve_missing_registration" time="0.107" /><testcase classname="tests.test_phase3.TestConflicts" name="test_check_conflicts_endpoint" time="0.255" /><testcase classname="tests.test_phase3.TestBranches" name="test_seeded_branch_present" time="0.093" /><testcase classname="tests.test_phase3.TestBranches" name="test_no_mongo_id_leak" time="0.050" /><testcase classname="tests.test_phase3.TestBranches" name="test_branch_crud" time="0.334" /><testcase classname="tests.test_phase3.TestConflicts" name="test_check_conflicts_no_conflict" time="0.106" /><testcase classname="tests.test_phase3.TestConflicts" name="test_check_conflicts_manager_only" time="0.056" /><testcase classname="tests.test_phase3.TestConflicts" name="test_patch_creating_conflict_409_and_force" time="0.336" /><testcase classname="tests.test_phase3.TestBranches" name="test_patch_unknown_branch_404" time="0.056" /><testcase classname="tests.test_phase3.TestBranches" name="test_delete_unknown_branch_404" time="0.053" /><testcase classname="tests.test_phase3.TestBranches" name="test_teacher_cannot_create_branch" time="0.055" /><testcase classname="tests.test_phase3.TestBranches" name="test_student_cannot_create_branch" time="0.056" /><testcase classname="tests.test_phase3.TestBranches" name="test_anon_cannot_read_branches" time="0.060" /><testcase classname="tests.test_phase3.TestConflicts" name="test_patch_self_not_conflicting" time="0.208" /><testcase classname="tests.backend_test.TestCourses" name="test_public_courses_seeded_and_ordered" time="0.057" /><testcase classname="tests.backend_test.TestCourses" name="test_courses_list_requires_role" time="0.155" /><testcase classname="tests.test_phase3.TestRooms" name="test_seeded_rooms" time="0.000" /><testcase classname="tests.test_phase3.TestRooms" name="test_filter_by_branch" time="0.167" /><testcase classname="tests.backend_test.TestCourses" name="test_manager_course_crud" time="0.424" /><testcase classname="tests.test_phase3.TestRooms" name="test_student_can_read_rooms" time="0.068" /><testcase classname="tests.test_phase3.TestRooms" name="test_invalid_branch_400" time="0.066" /><testcase classname="tests.test_phase3.TestRooms" name="test_room_crud" time="0.389" /><testcase classname="tests.backend_test.TestCourses" name="test_course_not_found" time="0.105" /><testcase classname="tests.backend_test.TestCourses" name="test_course_create_requires_manager" time="0.219" /><testcase classname="tests.test_phase3.TestRooms" name="test_unknown_room_404" time="0.132" /><testcase classname="tests.backend_test.TestAuthSecurity" name="test_bcrypt_and_cookies" time="0.362" /><testcase classname="tests.test_phase3.TestRooms" name="test_student_cannot_create_room" time="0.065" /><testcase classname="tests.test_phase3.TestClassFields" name="test_new_fields_roundtrip" time="0.618" /><testcase classname="tests.backend_test.TestAuthSecurity" name="test_cors_credentials" time="0.002" /><testcase classname="tests.backend_test.TestAuthSecurity" name="test_role_hint_mismatch" time="0.346" /><testcase classname="tests.test_phase3.TestClassFields" name="test_patch_unknown_class_404" time="0.072" /><testcase classname="tests.backend_test.TestAuthSecurity" name="test_brute_force_lockout" time="0.860" /><testcase classname="tests.test_phase3.TestClassFields" name="test_student_cannot_create_class" time="0.106" /><testcase classname="tests.test_phase3.TestClassFields" name="test_teacher_cannot_create_class" time="1.281" /><testcase classname="tests.backend_test.TestAuthSecurity" name="test_me_and_invalid_token" time="0.237" /><testcase classname="tests.backend_test.TestUsers" name="test_create_teacher_and_patch" time="1.888" /><testcase classname="tests.backend_test.TestUsers" name="test_patch_bad_and_missing_id" time="0.119" /><testcase classname="tests.backend_test.TestUsers" name="test_users_guards" time="0.239" /></testsuite></testsuites>