<?xml version="1.0" encoding="utf-8"?><testsuites name="pytest tests"><testsuite name="pytest" errors="0" failures="2" skipped="0" tests="58" time="10.543" timestamp="2026-08-21T08:48:14.207722+00:00" hostname="agent-env-f7fcb319-8819-4d14-937d-1babd24ec2b0"><testcase classname="tests.backend_test.TestAcademyFlow" name="test_00_setup_class" time="1.821" /><testcase classname="tests.test_phase2_fixes.TestPhase2Fixes" name="test_00_setup" time="1.813" /><testcase classname="tests.test_phase2_fixes.TestPhase2Fixes" name="test_01_teacher_lists_own_students" time="0.082" /><testcase classname="tests.backend_test.TestAcademyFlow" name="test_01_class_visibility_per_role" time="0.353" /><testcase classname="tests.test_phase2_fixes.TestPhase2Fixes" name="test_02_teacher_students_scoped_to_own_classes" time="0.412" /><testcase classname="tests.backend_test.TestAcademyFlow" name="test_02_class_guards" time="0.259" /><testcase classname="tests.test_phase2_fixes.TestPhase2Fixes" name="test_03_manager_sees_all_students" time="0.053" /><testcase classname="tests.test_phase2_fixes.TestPhase2Fixes" name="test_04_teacher_cannot_list_teachers" time="0.078" /><testcase classname="tests.backend_test.TestAcademyFlow" name="test_03_class_patch" time="0.138" /><testcase classname="tests.test_phase2_fixes.TestPhase2Fixes" name="test_05_student_cannot_list_users" time="0.186" /><testcase classname="tests.backend_test.TestAcademyFlow" name="test_04_attendance" time="0.351" /><testcase classname="tests.test_phase2_fixes.TestPhase2Fixes" name="test_06_teacher_no_role_param_returns_only_students" time="0.062" /><testcase classname="tests.test_phase2_fixes.TestPhase2Fixes" name="test_07_auth_me_fields[manager]" time="0.072" /><testcase classname="tests.test_phase2_fixes.TestPhase2Fixes" name="test_07_auth_me_fields[teacher]" time="0.102" /><testcase classname="tests.test_phase2_fixes.TestPhase2Fixes" name="test_07_auth_me_fields[student]" time="0.068" /><testcase classname="tests.backend_test.TestAcademyFlow" name="test_05_lessons" time="0.184" /><testcase classname="tests.test_phase2_fixes.TestPhase2Fixes" name="test_08_auth_me_reflects_course_assignment" time="0.541" /><testcase classname="tests.backend_test.TestAcademyFlow" name="test_06_homework" time="0.489"><failure message="assert False&#10; +  where False = all(&lt;generator object TestAcademyFlow.test_06_homework.&lt;locals&gt;.&lt;genexpr&gt; at 0xff49dfe073e0&gt;)">tests/backend_test.py:332: in test_06_homework
    assert all(x["class_id"] in allowed for x in sh.json())
E   assert False
E    +  where False = all(&lt;generator object TestAcademyFlow.test_06_homework.&lt;locals&gt;.&lt;genexpr&gt; at 0xff49dfe073e0&gt;)</failure></testcase><testcase classname="tests.test_phase2_fixes.TestPhase2Fixes" name="test_09_attendance_empty_entries_400" time="0.081" /><testcase classname="tests.test_phase2_fixes.TestPhase2Fixes" name="test_10_attendance_malformed_entry_422[entry0]" time="0.103" /><testcase classname="tests.backend_test.TestAcademyFlow" name="test_07_exams" time="0.384" /><testcase classname="tests.test_phase2_fixes.TestPhase2Fixes" name="test_10_attendance_malformed_entry_422[entry1]" time="0.080" /><testcase classname="tests.test_phase2_fixes.TestPhase2Fixes" name="test_10_attendance_malformed_entry_422[entry2]" time="0.064" /><testcase classname="tests.test_phase2_fixes.TestPhase2Fixes" name="test_10_attendance_malformed_entry_422[notadict]" time="0.081" /><testcase classname="tests.test_phase2_fixes.TestPhase2Fixes" name="test_11_attendance_invalid_status_422" time="0.062" /><testcase classname="tests.test_phase2_fixes.TestPhase2Fixes" name="test_12_attendance_happy_path_and_student_view" time="0.137" /><testcase classname="tests.backend_test.TestAcademyFlow" name="test_08_teacher_message_needs_approval" time="0.401" /><testcase classname="tests.test_phase2_fixes.TestPhase2Fixes" name="test_13_delete_unknown_class_404" time="0.104" /><testcase classname="tests.test_phase2_fixes.TestPhase2Fixes" name="test_14_archived_class_hidden_for_all_roles" time="0.346" /><testcase classname="tests.backend_test.TestAcademyFlow" name="test_09_teacher_message_reject_and_foreign_class" time="0.307" /><testcase classname="tests.test_phase2_fixes.TestPhase2Fixes" name="test_15_teacher_cannot_mark_attendance_on_archived_class" time="0.121" /><testcase classname="tests.test_phase2_fixes.TestPhase2Fixes" name="test_16_archived_class_content_leaks_to_student" time="0.791"><failure message="AssertionError: archived class content still visible to student: ['homework', 'lessons', 'exams', 'attendance']&#10;assert not ['homework', 'lessons', 'exams', 'attendance']">tests/test_phase2_fixes.py:193: in test_16_archived_class_content_leaks_to_student
    assert not leaks, f"archived class content still visible to student: {leaks}"
E   AssertionError: archived class content still visible to student: ['homework', 'lessons', 'exams', 'attendance']
E   assert not ['homework', 'lessons', 'exams', 'attendance']</failure></testcase><testcase classname="tests.backend_test.TestAcademyFlow" name="test_10_manager_message_sent_directly" time="0.115" /><testcase classname="tests.backend_test.TestAcademyFlow" name="test_11_message_guards" time="0.249" /><testcase classname="tests.backend_test.TestAcademyFlow" name="test_12_student_msg_isolation" time="0.122" /><testcase classname="tests.backend_test.TestAcademyFlow" name="test_99_cleanup" time="0.135" /><testcase classname="tests.backend_test.TestCourses" name="test_public_courses_seeded_and_ordered" time="0.076" /><testcase classname="tests.backend_test.TestCourses" name="test_courses_list_requires_role" time="0.117" /><testcase classname="tests.test_phase2_fixes.TestPhase2Fixes" name="test_99_cleanup" time="0.127" /><testcase classname="tests.backend_test.TestCourses" name="test_manager_course_crud" time="0.469" /><testcase classname="tests.backend_test.TestRegistrations" name="test_public_registration_no_auth" time="0.052" /><testcase classname="tests.backend_test.TestRegistrations" name="test_registration_validation[payload0]" time="0.091" /><testcase classname="tests.backend_test.TestRegistrations" name="test_registration_validation[payload1]" time="0.049" /><testcase classname="tests.backend_test.TestRegistrations" name="test_registration_validation[payload2]" time="0.050" /><testcase classname="tests.backend_test.TestRegistrations" name="test_registrations_list_guarded" time="0.149" /><testcase classname="tests.backend_test.TestRegistrations" name="test_approve_creates_student" time="1.161" /><testcase classname="tests.backend_test.TestCourses" name="test_course_not_found" time="0.131" /><testcase classname="tests.backend_test.TestCourses" name="test_course_create_requires_manager" time="0.367" /><testcase classname="tests.backend_test.TestAuthSecurity" name="test_bcrypt_and_cookies" time="0.361" /><testcase classname="tests.backend_test.TestAuthSecurity" name="test_cors_credentials" time="0.193" /><testcase classname="tests.backend_test.TestAuthSecurity" name="test_role_hint_mismatch" time="0.359" /><testcase classname="tests.backend_test.TestRegistrations" name="test_reject_registration" time="0.381" /><testcase classname="tests.backend_test.TestAuthSecurity" name="test_brute_force_lockout" time="1.043" /><testcase classname="tests.backend_test.TestRegistrations" name="test_approve_missing_registration" time="0.136" /><testcase classname="tests.backend_test.TestUsers" name="test_create_teacher_and_patch" time="1.950" /><testcase classname="tests.backend_test.TestAuthSecurity" name="test_me_and_invalid_token" time="0.298" /><testcase classname="tests.backend_test.TestUsers" name="test_patch_bad_and_missing_id" time="0.133" /><testcase classname="tests.backend_test.TestUsers" name="test_users_guards" time="0.234" /></testsuite></testsuites>